2026-03-24T14:40:41.754663Z  INFO tailwindcss_oxide::scanner: Provided sources:
2026-03-24T14:40:41.754706Z  INFO tailwindcss_oxide::scanner: Source: PublicSourceEntry { base: "/root/.openclaw/workspace/projects/image-background-remover", pattern: "**/*", negated: false }
2026-03-24T14:40:41.754747Z  INFO tailwindcss_oxide::scanner: Optimized sources:
2026-03-24T14:40:41.754749Z  INFO tailwindcss_oxide::scanner: Source: Auto { base: "/root/.openclaw/workspace/projects/image-background-remover" }
2026-03-24T14:40:41.756001Z  INFO discover_sources: tailwindcss_oxide::scanner: enter
2026-03-24T14:40:41.756018Z  INFO discover_sources:walk_synchronous: tailwindcss_oxide::scanner: enter
2026-03-24T14:40:41.758762Z  INFO discover_sources:walk_synchronous: tailwindcss_oxide::scanner: exit
2026-03-24T14:40:41.759119Z  INFO tailwindcss_oxide::scanner: Reading "/root/.openclaw/workspace/projects/image-background-remover/migrations/0001_add_credits.sql"
2026-03-24T14:40:41.759124Z  INFO tailwindcss_oxide::scanner: Reading "/root/.openclaw/workspace/projects/image-background-remover/public/window.svg"
2026-03-24T14:40:41.759137Z  INFO tailwindcss_oxide::scanner: Reading "/root/.openclaw/workspace/projects/image-background-remover/public/globe.svg"
2026-03-24T14:40:41.759138Z  INFO tailwindcss_oxide::scanner: Reading "/root/.openclaw/workspace/projects/image-background-remover/src/lib/db.ts"
2026-03-24T14:40:41.759144Z  INFO tailwindcss_oxide::scanner: Reading "/root/.openclaw/workspace/projects/image-background-remover/public/next.svg"
2026-03-24T14:40:41.759148Z  INFO tailwindcss_oxide::scanner: Reading "/root/.openclaw/workspace/projects/image-background-remover/src/app/api/user/quota/route.ts"
2026-03-24T14:40:41.759151Z  INFO tailwindcss_oxide::scanner: Reading "/root/.openclaw/workspace/projects/image-background-remover/public/vercel.svg"
2026-03-24T14:40:41.759157Z  INFO tailwindcss_oxide::scanner: Reading "/root/.openclaw/workspace/projects/image-background-remover/src/app/api/auth/callback/route.ts"
2026-03-24T14:40:41.759159Z  INFO tailwindcss_oxide::scanner: Reading "/root/.openclaw/workspace/projects/image-background-remover/.github/workflows/deploy.yml"
2026-03-24T14:40:41.759165Z  INFO tailwindcss_oxide::scanner: Reading "/root/.openclaw/workspace/projects/image-background-remover/.nvmrc"
2026-03-24T14:40:41.759167Z  INFO tailwindcss_oxide::scanner: Reading "/root/.openclaw/workspace/projects/image-background-remover/src/app/api/remove-bg/route.ts"
2026-03-24T14:40:41.759173Z  INFO tailwindcss_oxide::scanner: Reading "/root/.openclaw/workspace/projects/image-background-remover/package.json"
2026-03-24T14:40:41.759176Z  INFO tailwindcss_oxide::scanner: Reading "/root/.openclaw/workspace/projects/image-background-remover/src/app/layout.tsx"
2026-03-24T14:40:41.759182Z  INFO tailwindcss_oxide::scanner: Reading "/root/.openclaw/workspace/projects/image-background-remover/README.md"
2026-03-24T14:40:41.759186Z  INFO tailwindcss_oxide::scanner: Reading "/root/.openclaw/workspace/projects/image-background-remover/src/app/faq/page.tsx"
2026-03-24T14:40:41.759194Z  INFO tailwindcss_oxide::scanner: Reading "/root/.openclaw/workspace/projects/image-background-remover/src/app/not-found.tsx"
2026-03-24T14:40:41.759196Z  INFO tailwindcss_oxide::scanner: Reading "/root/.openclaw/workspace/projects/image-background-remover/open-next.config.ts"
2026-03-24T14:40:41.759203Z  INFO tailwindcss_oxide::scanner: Reading "/root/.openclaw/workspace/projects/image-background-remover/tsconfig.json"
2026-03-24T14:40:41.759205Z  INFO tailwindcss_oxide::scanner: Reading "/root/.openclaw/workspace/projects/image-background-remover/src/app/profile/page.tsx"
2026-03-24T14:40:41.759212Z  INFO tailwindcss_oxide::scanner: Reading "/root/.openclaw/workspace/projects/image-background-remover/eslint.config.mjs"
2026-03-24T14:40:41.759219Z  INFO tailwindcss_oxide::scanner: Reading "/root/.openclaw/workspace/projects/image-background-remover/next.config.ts"
2026-03-24T14:40:41.759225Z  INFO tailwindcss_oxide::scanner: Reading "/root/.openclaw/workspace/projects/image-background-remover/src/app/page.tsx"
2026-03-24T14:40:41.759247Z  INFO tailwindcss_oxide::scanner: Reading "/root/.openclaw/workspace/projects/image-background-remover/src/app/pricing/page.tsx"
2026-03-24T14:40:41.759254Z  INFO tailwindcss_oxide::scanner: Reading "/root/.openclaw/workspace/projects/image-background-remover/wrangler.toml"
2026-03-24T14:40:41.759261Z  INFO tailwindcss_oxide::scanner: Reading "/root/.openclaw/workspace/projects/image-background-remover/public/file.svg"
2026-03-24T14:40:41.759225Z  INFO tailwindcss_oxide::scanner: Reading "/root/.openclaw/workspace/projects/image-background-remover/postcss.config.mjs"
2026-03-24T14:40:41.759308Z  INFO tailwindcss_oxide::scanner: Reading "/root/.openclaw/workspace/projects/image-background-remover/image-background-remover.md"
2026-03-24T14:40:41.759352Z  INFO discover_sources: tailwindcss_oxide::scanner: exit
2026-03-24T14:40:41.759357Z  INFO extract_candidates: tailwindcss_oxide::scanner: enter
2026-03-24T14:40:41.759361Z  INFO extract_candidates:parse_all_blobs: tailwindcss_oxide::scanner: enter
2026-03-24T14:40:41.759364Z  INFO extract_candidates:parse_all_blobs:extract: tailwindcss_oxide::scanner: enter
2026-03-24T14:40:41.761300Z  INFO extract_candidates:parse_all_blobs:extract: tailwindcss_oxide::scanner: exit
2026-03-24T14:40:41.761313Z  INFO extract_candidates:parse_all_blobs: tailwindcss_oxide::scanner: exit
2026-03-24T14:40:41.761317Z  INFO extract_candidates:read_all_files: tailwindcss_oxide::scanner: enter
2026-03-24T14:40:41.761319Z  INFO extract_candidates:read_all_files: tailwindcss_oxide::scanner: Reading 1 file(s)
2026-03-24T14:40:41.761335Z  INFO extract_candidates:read_all_files: tailwindcss_oxide::scanner: Reading "/root/.openclaw/workspace/projects/image-background-remover/src/app/globals.css"
2026-03-24T14:40:41.761339Z  INFO extract_candidates:read_all_files: tailwindcss_oxide::scanner: exit
2026-03-24T14:40:41.761342Z  INFO extract_candidates:extract_css_variables: tailwindcss_oxide::scanner: enter
2026-03-24T14:40:41.761344Z  INFO extract_candidates:extract_css_variables:extract: tailwindcss_oxide::scanner: enter
2026-03-24T14:40:41.761535Z  INFO extract_candidates:extract_css_variables:extract: tailwindcss_oxide::scanner: exit
2026-03-24T14:40:41.761540Z  INFO extract_candidates:extract_css_variables: tailwindcss_oxide::scanner: exit
2026-03-24T14:40:41.761628Z  INFO extract_candidates: tailwindcss_oxide::scanner: exit
2026-03-24T14:40:41.762044Z  INFO get_files: tailwindcss_oxide::scanner: enter
2026-03-24T14:40:41.762050Z  INFO get_files:discover_sources: tailwindcss_oxide::scanner: enter
2026-03-24T14:40:41.762052Z  INFO get_files:discover_sources: tailwindcss_oxide::scanner: exit
2026-03-24T14:40:41.762103Z  INFO get_files: tailwindcss_oxide::scanner: exit
2026-03-24T14:40:41.762233Z  INFO get_globs: tailwindcss_oxide::scanner: enter
2026-03-24T14:40:41.762236Z  INFO get_globs:discover_sources: tailwindcss_oxide::scanner: enter
2026-03-24T14:40:41.762239Z  INFO get_globs:discover_sources: tailwindcss_oxide::scanner: exit
2026-03-24T14:40:41.764567Z  INFO get_globs: tailwindcss_oxide::scanner: exit
